\BOOKMARK [1][-]{section.1}{\376\377\000I\000n\000t\000r\000o\000d\000u\000c\000t\000i\000o\000n}{}% 1
\BOOKMARK [2][-]{subsection.1.1}{\376\377\000I\000o\000d\000i\000n\000e\000\040\000M\000o\000l\000e\000c\000u\000l\000e\000\040\000S\000p\000e\000c\000t\000r\000a}{section.1}% 2
\BOOKMARK [3][-]{subsubsection.1.1.1}{\376\377\000E\000l\000e\000c\000t\000r\000o\000n\000i\000c\000\040\000T\000r\000a\000n\000s\000i\000t\000i\000o\000n\000s}{subsection.1.1}% 3
\BOOKMARK [3][-]{subsubsection.1.1.2}{\376\377\000V\000i\000b\000r\000a\000t\000i\000o\000n\000a\000l\000\040\000T\000r\000a\000n\000s\000i\000t\000i\000o\000n\000s}{subsection.1.1}% 4
\BOOKMARK [3][-]{subsubsection.1.1.3}{\376\377\000C\000o\000m\000b\000i\000n\000e\000d\000\040\000T\000r\000a\000n\000s\000i\000t\000i\000o\000n\000s}{subsection.1.1}% 5
\BOOKMARK [2][-]{subsection.1.2}{\376\377\000C\000o\000l\000o\000r\000\040\000C\000e\000n\000t\000e\000r\000s}{section.1}% 6
\BOOKMARK [3][-]{subsubsection.1.2.1}{\376\377\000G\000e\000n\000e\000r\000a\000l}{subsection.1.2}% 7
\BOOKMARK [3][-]{subsubsection.1.2.2}{\376\377\000F\000-\000c\000e\000n\000t\000r\000e\000s\000\040\000c\000l\000a\000s\000s\000i\000c\000a\000l\000l\000y}{subsection.1.2}% 8
\BOOKMARK [3][-]{subsubsection.1.2.3}{\376\377\000Q\000u\000a\000n\000t\000u\000m\000\040\000M\000e\000c\000h\000a\000n\000i\000c\000a\000l\000\040\000D\000e\000s\000c\000r\000i\000p\000t\000i\000o\000n}{subsection.1.2}% 9
\BOOKMARK [3][-]{subsubsection.1.2.4}{\376\377\000L\000i\000n\000e\000\040\000W\000i\000d\000t\000h}{subsection.1.2}% 10
\BOOKMARK [3][-]{subsubsection.1.2.5}{\376\377\000C\000o\000n\000c\000e\000n\000t\000r\000a\000t\000i\000o\000n\000\040\000o\000f\000\040\000C\000o\000l\000o\000r\000\040\000C\000e\000n\000t\000e\000r\000s}{subsection.1.2}% 11
\BOOKMARK [2][-]{subsection.1.3}{\376\377\000E\000x\000p\000e\000r\000i\000m\000e\000n\000t\000a\000l\000\040\000S\000e\000t\000u\000p}{section.1}% 12
\BOOKMARK [1][-]{section.2}{\376\377\000A\000n\000a\000l\000y\000s\000i\000s}{}% 13
\BOOKMARK [2][-]{subsection.2.1}{\376\377\000T\000a\000s\000k\000\040\0001}{section.2}% 14
\BOOKMARK [3][-]{subsubsection.2.1.1}{\376\377\000O\000p\000t\000i\000m\000a\000l\000\040\000S\000c\000a\000n\000n\000i\000n\000g\000\040\000S\000p\000e\000e\000d}{subsection.2.1}% 15
\BOOKMARK [3][-]{subsubsection.2.1.2}{\376\377\000O\000p\000t\000i\000m\000a\000l\000\040\000S\000l\000i\000t\000\040\000W\000i\000d\000t\000h}{subsection.2.1}% 16
\BOOKMARK [3][-]{subsubsection.2.1.3}{\376\377\000W\000a\000v\000e\000l\000e\000n\000g\000t\000h\000\040\000A\000c\000c\000u\000r\000a\000c\000y}{subsection.2.1}% 17
\BOOKMARK [2][-]{subsection.2.2}{\376\377\000T\000a\000s\000k\000\040\0002}{section.2}% 18
\BOOKMARK [3][-]{subsubsection.2.2.1}{\376\377\000T\000r\000a\000n\000s\000m\000i\000s\000s\000i\000o\000n\000\040\000S\000p\000e\000c\000t\000r\000a\000\040\000o\000f\000\040\000G\000l\000a\000s\000s\000\040\000a\000n\000d\000\040\000Q\000u\000a\000r\000t\000z\000\040\000G\000l\000a\000s\000s\000\040\000C\000u\000v\000e\000t\000t\000e\000s}{subsection.2.2}% 19
\BOOKMARK [3][-]{subsubsection.2.2.2}{\376\377\000T\000r\000a\000n\000s\000m\000i\000s\000s\000i\000o\000n\000\040\000S\000p\000e\000c\000t\000r\000u\000m\000\040\000o\000f\000\040\000a\000n\000\040\000I\000n\000t\000e\000r\000f\000e\000r\000e\000n\000c\000e\000\040\000F\000i\000l\000t\000e\000r}{subsection.2.2}% 20
\BOOKMARK [3][-]{subsubsection.2.2.3}{\376\377\000C\000o\000l\000o\000r\000\040\000F\000i\000l\000t\000e\000r\000s}{subsection.2.2}% 21
\BOOKMARK [2][-]{subsection.2.3}{\376\377\000T\000a\000s\000k\000\040\0003}{section.2}% 22
\BOOKMARK [2][-]{subsection.2.4}{\376\377\000T\000a\000s\000k\000\040\0004}{section.2}% 23
\BOOKMARK [2][-]{subsection.2.5}{\376\377\000T\000a\000s\000k\000\040\0005}{section.2}% 24
\BOOKMARK [2][-]{subsection.2.6}{\376\377\000T\000a\000s\000k\000\040\0006}{section.2}% 25
\BOOKMARK [1][-]{section.3}{\376\377\000C\000o\000n\000c\000l\000u\000s\000i\000o\000n}{}% 26
\BOOKMARK [1][-]{section*.23}{\376\377\000B\000i\000b\000l\000i\000o\000g\000r\000a\000p\000h\000y}{}% 27
