\BOOKMARK [1][-]{section.1}{\376\377\000I\000n\000t\000r\000o\000d\000u\000c\000t\000i\000o\000n}{}% 1
\BOOKMARK [2][-]{subsection.1.1}{\376\377\000F\000T\000I\000R\000\040\000S\000p\000e\000c\000t\000r\000o\000s\000c\000o\000p\000y}{section.1}% 2
\BOOKMARK [2][-]{subsection.1.2}{\376\377\000R\000o\000t\000a\000t\000i\000o\000n\000-\000V\000i\000b\000r\000a\000t\000i\000o\000n\000\040\000S\000p\000e\000c\000t\000r\000a\000\040\000o\000f\000\040\000d\000i\000a\000t\000o\000m\000i\000c\000\040\000m\000o\000l\000e\000c\000u\000l\000e\000s}{section.1}% 3
\BOOKMARK [2][-]{subsection.1.3}{\376\377\000I\000n\000t\000e\000r\000f\000e\000r\000e\000n\000c\000e\000\040\000M\000e\000t\000h\000o\000d}{section.1}% 4
\BOOKMARK [2][-]{subsection.1.4}{\376\377\000I\000n\000t\000e\000n\000s\000i\000t\000y\000\040\000o\000f\000\040\000r\000o\000t\000a\000t\000i\000o\000n\000a\000l\000-\000v\000i\000b\000r\000a\000t\000i\000o\000n\000a\000l\000\040\000s\000p\000e\000c\000t\000r\000a}{section.1}% 5
\BOOKMARK [2][-]{subsection.1.5}{\376\377\000E\000x\000p\000e\000r\000i\000m\000e\000n\000t\000a\000l\000\040\000S\000e\000t\000u\000p}{section.1}% 6
\BOOKMARK [1][-]{section.2}{\376\377\000A\000n\000a\000l\000y\000s\000i\000s}{}% 7
\BOOKMARK [2][-]{subsection.2.1}{\376\377\000T\000a\000s\000k\000\040\0001}{section.2}% 8
\BOOKMARK [2][-]{subsection.2.2}{\376\377\000T\000a\000s\000k\000\040\0002}{section.2}% 9
\BOOKMARK [3][-]{subsubsection.2.2.1}{\376\377\000C\000a\000l\000i\000b\000r\000a\000t\000i\000o\000n}{subsection.2.2}% 10
\BOOKMARK [3][-]{subsubsection.2.2.2}{\376\377\000Z\000e\000r\000o\000f\000i\000l\000l\000i\000n\000g}{subsection.2.2}% 11
\BOOKMARK [3][-]{subsubsection.2.2.3}{\376\377\000A\000p\000o\000d\000i\000z\000a\000t\000i\000o\000n}{subsection.2.2}% 12
\BOOKMARK [3][-]{subsubsection.2.2.4}{\376\377\000C\000o\000m\000p\000a\000r\000i\000s\000o\000n}{subsection.2.2}% 13
\BOOKMARK [3][-]{subsubsection.2.2.5}{\376\377\000S\000t\000e\000p\000\040\000S\000i\000z\000e\000\040\000a\000n\000d\000\040\000T\000h\000e\000o\000r\000e\000t\000i\000c\000a\000l\000\040\000S\000p\000e\000c\000t\000r\000a\000l\000\040\000R\000e\000s\000o\000l\000u\000t\000i\000o\000n}{subsection.2.2}% 14
\BOOKMARK [2][-]{subsection.2.3}{\376\377\000T\000a\000s\000k\000\040\0003}{section.2}% 15
\BOOKMARK [2][-]{subsection.2.4}{\376\377\000T\000a\000s\000k\000\040\0004}{section.2}% 16
\BOOKMARK [2][-]{subsection.2.5}{\376\377\000T\000a\000s\000k\000\040\0005}{section.2}% 17
\BOOKMARK [2][-]{subsection.2.6}{\376\377\000T\000a\000s\000k\000\040\0006}{section.2}% 18
\BOOKMARK [1][-]{section.3}{\376\377\000C\000o\000n\000c\000l\000u\000s\000i\000o\000n}{}% 19
\BOOKMARK [1][-]{section*.26}{\376\377\000A\000p\000p\000e\000n\000d\000i\000c\000e\000s}{}% 20
\BOOKMARK [1][-]{appendix.1.A}{\376\377\000T\000a\000s\000k\000\040\0001}{}% 21
\BOOKMARK [2][-]{subsection.1.A.1}{\376\377\000P\000l\000o\000t\000s}{appendix.1.A}% 22
\BOOKMARK [2][-]{subsection.1.A.2}{\376\377\000T\000a\000b\000l\000e\000s}{appendix.1.A}% 23
\BOOKMARK [1][-]{appendix.1.B}{\376\377\000T\000a\000s\000k\000\040\0002}{}% 24
\BOOKMARK [1][-]{section*.31}{\376\377\000B\000i\000b\000l\000i\000o\000g\000r\000a\000p\000h\000y}{}% 25
