\BOOKMARK [1][-]{section.1}{\376\377\000I\000n\000t\000r\000o\000d\000u\000c\000t\000i\000o\000n}{}% 1
\BOOKMARK [2][-]{subsection.1.1}{\376\377\000E\000P\000R}{section.1}% 2
\BOOKMARK [2][-]{subsection.1.2}{\376\377\000Z\000e\000e\000m\000a\000n\000\040\000e\000f\000f\000e\000c\000t}{section.1}% 3
\BOOKMARK [2][-]{subsection.1.3}{\376\377\000R\000e\000s\000o\000n\000a\000n\000c\000e\000\040\000c\000o\000n\000d\000i\000t\000i\000o\000n}{section.1}% 4
\BOOKMARK [2][-]{subsection.1.4}{\376\377\000E\000P\000R\000\040\000s\000p\000e\000c\000t\000r\000u\000m}{section.1}% 5
\BOOKMARK [2][-]{subsection.1.5}{\376\377\000R\000F\000\040\000t\000e\000c\000h\000n\000i\000q\000u\000e\000s}{section.1}% 6
\BOOKMARK [3][-]{subsubsection.1.5.1}{\376\377\000F\000r\000e\000q\000u\000e\000n\000c\000y\000\040\000m\000o\000d\000u\000l\000a\000t\000i\000o\000n}{subsection.1.5}% 7
\BOOKMARK [3][-]{subsubsection.1.5.2}{\376\377\000F\000r\000e\000q\000u\000e\000n\000c\000y\000\040\000m\000i\000x\000i\000n\000g}{subsection.1.5}% 8
\BOOKMARK [2][-]{subsection.1.6}{\376\377\000M\000a\000t\000e\000r\000i\000a\000l\000s}{section.1}% 9
\BOOKMARK [3][-]{subsubsection.1.6.1}{\376\377\000D\000P\000P\000H}{subsection.1.6}% 10
\BOOKMARK [3][-]{subsubsection.1.6.2}{\376\377\000U\000l\000t\000r\000a\000m\000a\000r\000i\000n\000e}{subsection.1.6}% 11
\BOOKMARK [2][-]{subsection.1.7}{\376\377\000E\000x\000p\000e\000r\000i\000m\000e\000n\000t\000a\000l\000\040\000S\000e\000t\000u\000p}{section.1}% 12
\BOOKMARK [1][-]{section.2}{\376\377\000A\000n\000a\000l\000y\000s\000i\000s}{}% 13
\BOOKMARK [2][-]{subsection.2.1}{\376\377\000T\000a\000s\000k\000\040\0001\000:\000\040\000F\000r\000e\000q\000u\000e\000n\000c\000y\000\040\000m\000i\000x\000i\000n\000g\000\040\000a\000n\000d\000\040\000m\000o\000d\000u\000l\000a\000t\000i\000o\000n}{section.2}% 14
\BOOKMARK [2][-]{subsection.2.2}{\376\377\000T\000a\000s\000k\000\040\0002\000:\000\040\000R\000e\000c\000e\000i\000v\000i\000n\000g\000\040\000a\000n\000d\000\040\000a\000n\000a\000l\000y\000z\000i\000n\000g\000\040\000s\000i\000g\000n\000a\000l\000s\000\040\000i\000n\000\040\000t\000h\000e\000\040\000V\000L\000F\000\040\000r\000a\000n\000g\000e\000\040\000f\000r\000o\000m\000\040\0001\0000\000\040\000k\000H\000z\000\040\000t\000o\000\040\0001\0005\0000\000\040\000k\000H\000z\000\040}{section.2}% 15
\BOOKMARK [2][-]{subsection.2.3}{\376\377\000T\000a\000s\000k\000\040\0004\000:\000\040\000D\000e\000t\000e\000r\000m\000i\000n\000a\000t\000i\000o\000n\000\040\000o\000f\000\040\000t\000h\000e\000\040\000r\000e\000s\000o\000n\000a\000n\000c\000e\000\040\000f\000r\000e\000q\000u\000e\000n\000c\000y\000\040\000a\000n\000d\000\040\000r\000e\000c\000o\000r\000d\000i\000n\000g\000\040\000o\000f\000\040\000t\000h\000e\000\040\000d\000i\000s\000p\000e\000r\000s\000i\000o\000n\000\040\000c\000u\000r\000v\000e\000s\000\040\000o\000f\000\040\000d\000i\000f\000f\000e\000r\000e\000n\000t\000\040\000D\000P\000P\000H\000\040\000s\000a\000m\000p\000l\000e\000s}{section.2}% 16
\BOOKMARK [2][-]{subsection.2.4}{\376\377\000T\000a\000s\000k\000\040\0005\000:\000\040\000D\000e\000t\000e\000r\000m\000i\000n\000a\000t\000i\000o\000n\000\040\000o\000f\000\040\000t\000h\000e\000\040\000r\000e\000s\000o\000n\000a\000n\000c\000e\000\040\000f\000r\000e\000q\000u\000e\000n\000c\000y\000\040\000a\000n\000d\000\040\000r\000e\000c\000o\000r\000d\000i\000n\000g\000\040\000o\000f\000\040\000t\000h\000e\000\040\000d\000i\000s\000p\000e\000r\000s\000i\000o\000n\000\040\000c\000u\000r\000v\000e\000s\000\040\000o\000f\000\040\000d\000i\000f\000f\000e\000r\000e\000n\000t\000\040\000U\000l\000t\000r\000a\000m\000a\000r\000i\000n\000e\000\040\000s\000a\000m\000p\000l\000e\000s}{section.2}% 17
\BOOKMARK [2][-]{subsection.2.5}{\376\377\000T\000a\000s\000k\000\040\0006\000:\000\040\000M\000e\000a\000s\000u\000r\000e\000m\000e\000n\000t\000\040\000o\000f\000\040\000t\000h\000e\000\040\000D\000P\000P\000H\000\040\000s\000a\000m\000p\000l\000e\000\040\0001\0000\000\040\000g\000\040\000w\000i\000t\000h\000\040\000a\000\040\000c\000a\000l\000i\000b\000r\000a\000t\000e\000d\000\040\000L\000N\000B\000\040\000a\000s\000\040\000o\000b\000s\000e\000r\000v\000a\000t\000i\000o\000n\000\040\000s\000y\000s\000t\000e\000m}{section.2}% 18
\BOOKMARK [1][-]{section.3}{\376\377\000C\000o\000n\000c\000l\000u\000s\000i\000o\000n}{}% 19
\BOOKMARK [1][-]{section*.20}{\376\377\000B\000i\000b\000l\000i\000o\000g\000r\000a\000p\000h\000y}{}% 20
