This is pdfTeX, Version 3.141592653-2.6-1.40.25 (MiKTeX 24.1) (preloaded format=pdflatex 2024.3.2)  12 JUN 2024 21:30
entering extended mode
 restricted \write18 enabled.
 file:line:error style messages enabled.
 %&-line parsing enabled.
**"c:/Users/Lenovo/Desktop/Code/Advanced Labs/XRD/Latex/xrd.tex"
(c:/Users/Lenovo/Desktop/Code/Advanced Labs/XRD/Latex/xrd.tex
LaTeX2e <2023-11-01> patch level 1
L3 programming layer <2024-02-20>
(C:\Users\Lenovo\AppData\Local\Programs\MiKTeX\tex/latex/base\article.cls
Document Class: article 2023/05/17 v1.4n Standard LaTeX document class
(C:\Users\Lenovo\AppData\Local\Programs\MiKTeX\tex/latex/base\size10.clo
File: size10.clo 2023/05/17 v1.4n Standard LaTeX file (size option)
)
\c@part=\count188
\c@section=\count189
\c@subsection=\count190
\c@subsubsection=\count191
\c@paragraph=\count192
\c@subparagraph=\count193
\c@figure=\count194
\c@table=\count195
\abovecaptionskip=\skip48
\belowcaptionskip=\skip49
\bibindent=\dimen140
) (C:\Users\Lenovo\AppData\Local\Programs\MiKTeX\tex/latex/amsmath\amsmath.sty
Package: amsmath 2023/05/13 v2.17o AMS math features
\@mathmargin=\skip50

For additional information on amsmath, use the `?' option.
(C:\Users\Lenovo\AppData\Local\Programs\MiKTeX\tex/latex/amsmath\amstext.sty
Package: amstext 2021/08/26 v2.01 AMS text
 (C:\Users\Lenovo\AppData\Local\Programs\MiKTeX\tex/latex/amsmath\amsgen.sty
File: amsgen.sty 1999/11/30 v2.0 generic functions
\@emptytoks=\toks17
\ex@=\dimen141
)) (C:\Users\Lenovo\AppData\Local\Programs\MiKTeX\tex/latex/amsmath\amsbsy.sty
Package: amsbsy 1999/11/29 v1.2d Bold Symbols
\pmbraise@=\dimen142
) (C:\Users\Lenovo\AppData\Local\Programs\MiKTeX\tex/latex/amsmath\amsopn.sty
Package: amsopn 2022/04/08 v2.04 operator names
)
\inf@bad=\count196
LaTeX Info: Redefining \frac on input line 234.
\uproot@=\count197
\leftroot@=\count198
LaTeX Info: Redefining \overline on input line 399.
LaTeX Info: Redefining \colon on input line 410.
\classnum@=\count199
\DOTSCASE@=\count266
LaTeX Info: Redefining \ldots on input line 496.
LaTeX Info: Redefining \dots on input line 499.
LaTeX Info: Redefining \cdots on input line 620.
\Mathstrutbox@=\box51
\strutbox@=\box52
LaTeX Info: Redefining \big on input line 722.
LaTeX Info: Redefining \Big on input line 723.
LaTeX Info: Redefining \bigg on input line 724.
LaTeX Info: Redefining \Bigg on input line 725.
\big@size=\dimen143
LaTeX Font Info:    Redeclaring font encoding OML on input line 743.
LaTeX Font Info:    Redeclaring font encoding OMS on input line 744.
\macc@depth=\count267
LaTeX Info: Redefining \bmod on input line 905.
LaTeX Info: Redefining \pmod on input line 910.
LaTeX Info: Redefining \smash on input line 940.
LaTeX Info: Redefining \relbar on input line 970.
LaTeX Info: Redefining \Relbar on input line 971.
\c@MaxMatrixCols=\count268
\dotsspace@=\muskip16
\c@parentequation=\count269
\dspbrk@lvl=\count270
\tag@help=\toks18
\row@=\count271
\column@=\count272
\maxfields@=\count273
\andhelp@=\toks19
\eqnshift@=\dimen144
\alignsep@=\dimen145
\tagshift@=\dimen146
\tagwidth@=\dimen147
\totwidth@=\dimen148
\lineht@=\dimen149
\@envbody=\toks20
\multlinegap=\skip51
\multlinetaggap=\skip52
\mathdisplay@stack=\toks21
LaTeX Info: Redefining \[ on input line 2953.
LaTeX Info: Redefining \] on input line 2954.
) (C:\Users\Lenovo\AppData\Local\Programs\MiKTeX\tex/latex/graphics\graphicx.sty
Package: graphicx 2021/09/16 v1.2d Enhanced LaTeX Graphics (DPC,SPQR)
 (C:\Users\Lenovo\AppData\Local\Programs\MiKTeX\tex/latex/graphics\keyval.sty
Package: keyval 2022/05/29 v1.15 key=value parser (DPC)
\KV@toks@=\toks22
) (C:\Users\Lenovo\AppData\Local\Programs\MiKTeX\tex/latex/graphics\graphics.sty
Package: graphics 2022/03/10 v1.4e Standard LaTeX Graphics (DPC,SPQR)
 (C:\Users\Lenovo\AppData\Local\Programs\MiKTeX\tex/latex/graphics\trig.sty
Package: trig 2021/08/11 v1.11 sin cos tan (DPC)
) (C:\Users\Lenovo\AppData\Local\Programs\MiKTeX\tex/latex/graphics-cfg\graphics.cfg
File: graphics.cfg 2016/06/04 v1.11 sample graphics configuration
)
Package graphics Info: Driver file: pdftex.def on input line 107.
 (C:\Users\Lenovo\AppData\Local\Programs\MiKTeX\tex/latex/graphics-def\pdftex.def
File: pdftex.def 2022/09/22 v1.2b Graphics/color driver for pdftex
))
\Gin@req@height=\dimen150
\Gin@req@width=\dimen151
) (C:\Users\Lenovo\AppData\Local\Programs\MiKTeX\tex/latex/hyperref\hyperref.sty
Package: hyperref 2024-01-20 v7.01h Hypertext links for LaTeX
 (C:\Users\Lenovo\AppData\Local\Programs\MiKTeX\tex/generic/iftex\iftex.sty
Package: iftex 2022/02/03 v1.0f TeX engine tests
) (C:\Users\Lenovo\AppData\Local\Programs\MiKTeX\tex/latex/kvsetkeys\kvsetkeys.sty
Package: kvsetkeys 2022-10-05 v1.19 Key value parser (HO)
) (C:\Users\Lenovo\AppData\Local\Programs\MiKTeX\tex/generic/kvdefinekeys\kvdefinekeys.sty
Package: kvdefinekeys 2019-12-19 v1.6 Define keys (HO)
) (C:\Users\Lenovo\AppData\Local\Programs\MiKTeX\tex/generic/pdfescape\pdfescape.sty
Package: pdfescape 2019/12/09 v1.15 Implements pdfTeX's escape features (HO)
 (C:\Users\Lenovo\AppData\Local\Programs\MiKTeX\tex/generic/ltxcmds\ltxcmds.sty
Package: ltxcmds 2023-12-04 v1.26 LaTeX kernel commands for general use (HO)
) (C:\Users\Lenovo\AppData\Local\Programs\MiKTeX\tex/generic/pdftexcmds\pdftexcmds.sty
Package: pdftexcmds 2020-06-27 v0.33 Utility functions of pdfTeX for LuaTeX (HO)
 (C:\Users\Lenovo\AppData\Local\Programs\MiKTeX\tex/generic/infwarerr\infwarerr.sty
Package: infwarerr 2019/12/03 v1.5 Providing info/warning/error messages (HO)
)
Package pdftexcmds Info: \pdf@primitive is available.
Package pdftexcmds Info: \pdf@ifprimitive is available.
Package pdftexcmds Info: \pdfdraftmode found.
)) (C:\Users\Lenovo\AppData\Local\Programs\MiKTeX\tex/latex/hycolor\hycolor.sty
Package: hycolor 2020-01-27 v1.10 Color options for hyperref/bookmark (HO)
) (C:\Users\Lenovo\AppData\Local\Programs\MiKTeX\tex/latex/auxhook\auxhook.sty
Package: auxhook 2019-12-17 v1.6 Hooks for auxiliary files (HO)
) (C:\Users\Lenovo\AppData\Local\Programs\MiKTeX\tex/latex/hyperref\nameref.sty
Package: nameref 2023-11-26 v2.56 Cross-referencing by name of section
 (C:\Users\Lenovo\AppData\Local\Programs\MiKTeX\tex/latex/refcount\refcount.sty
Package: refcount 2019/12/15 v3.6 Data extraction from label references (HO)
) (C:\Users\Lenovo\AppData\Local\Programs\MiKTeX\tex/generic/gettitlestring\gettitlestring.sty
Package: gettitlestring 2019/12/15 v1.6 Cleanup title references (HO)
 (C:\Users\Lenovo\AppData\Local\Programs\MiKTeX\tex/latex/kvoptions\kvoptions.sty
Package: kvoptions 2022-06-15 v3.15 Key value format for package options (HO)
))
\c@section@level=\count274
) (C:\Users\Lenovo\AppData\Local\Programs\MiKTeX\tex/latex/etoolbox\etoolbox.sty
Package: etoolbox 2020/10/05 v2.5k e-TeX tools for LaTeX (JAW)
\etb@tempcnta=\count275
)
\@linkdim=\dimen152
\Hy@linkcounter=\count276
\Hy@pagecounter=\count277
 (C:\Users\Lenovo\AppData\Local\Programs\MiKTeX\tex/latex/hyperref\pd1enc.def
File: pd1enc.def 2024-01-20 v7.01h Hyperref: PDFDocEncoding definition (HO)
Now handling font encoding PD1 ...
... no UTF-8 mapping file for font encoding PD1
) (C:\Users\Lenovo\AppData\Local\Programs\MiKTeX\tex/generic/intcalc\intcalc.sty
Package: intcalc 2019/12/15 v1.3 Expandable calculations with integers (HO)
)
\Hy@SavedSpaceFactor=\count278
 (C:\Users\Lenovo\AppData\Local\Programs\MiKTeX\tex/latex/hyperref\puenc.def
File: puenc.def 2024-01-20 v7.01h Hyperref: PDF Unicode definition (HO)
Now handling font encoding PU ...
... no UTF-8 mapping file for font encoding PU
)
Package hyperref Info: Hyper figures OFF on input line 4179.
Package hyperref Info: Link nesting OFF on input line 4184.
Package hyperref Info: Hyper index ON on input line 4187.
Package hyperref Info: Plain pages OFF on input line 4194.
Package hyperref Info: Backreferencing OFF on input line 4199.
Package hyperref Info: Implicit mode ON; LaTeX internals redefined.
Package hyperref Info: Bookmarks ON on input line 4446.
\c@Hy@tempcnt=\count279
 (C:\Users\Lenovo\AppData\Local\Programs\MiKTeX\tex/latex/url\url.sty
\Urlmuskip=\muskip17
Package: url 2013/09/16  ver 3.4  Verb mode for urls, etc.
)
LaTeX Info: Redefining \url on input line 4784.
\XeTeXLinkMargin=\dimen153
 (C:\Users\Lenovo\AppData\Local\Programs\MiKTeX\tex/generic/bitset\bitset.sty
Package: bitset 2019/12/09 v1.3 Handle bit-vector datatype (HO)
 (C:\Users\Lenovo\AppData\Local\Programs\MiKTeX\tex/generic/bigintcalc\bigintcalc.sty
Package: bigintcalc 2019/12/15 v1.5 Expandable calculations on big integers (HO)
))
\Fld@menulength=\count280
\Field@Width=\dimen154
\Fld@charsize=\dimen155
Package hyperref Info: Hyper figures OFF on input line 6063.
Package hyperref Info: Link nesting OFF on input line 6068.
Package hyperref Info: Hyper index ON on input line 6071.
Package hyperref Info: backreferencing OFF on input line 6078.
Package hyperref Info: Link coloring OFF on input line 6083.
Package hyperref Info: Link coloring with OCG OFF on input line 6088.
Package hyperref Info: PDF/A mode OFF on input line 6093.
 (C:\Users\Lenovo\AppData\Local\Programs\MiKTeX\tex/latex/base\atbegshi-ltx.sty
Package: atbegshi-ltx 2021/01/10 v1.0c Emulation of the original atbegshi
package with kernel methods
)
\Hy@abspage=\count281
\c@Item=\count282
\c@Hfootnote=\count283
)
Package hyperref Info: Driver (autodetected): hpdftex.
 (C:\Users\Lenovo\AppData\Local\Programs\MiKTeX\tex/latex/hyperref\hpdftex.def
File: hpdftex.def 2024-01-20 v7.01h Hyperref driver for pdfTeX
 (C:\Users\Lenovo\AppData\Local\Programs\MiKTeX\tex/latex/base\atveryend-ltx.sty
Package: atveryend-ltx 2020/08/19 v1.0a Emulation of the original atveryend package
with kernel methods
)
\Fld@listcount=\count284
\c@bookmark@seq@number=\count285
 (C:\Users\Lenovo\AppData\Local\Programs\MiKTeX\tex/latex/rerunfilecheck\rerunfilecheck.sty
Package: rerunfilecheck 2022-07-10 v1.10 Rerun checks for auxiliary files (HO)
 (C:\Users\Lenovo\AppData\Local\Programs\MiKTeX\tex/generic/uniquecounter\uniquecounter.sty
Package: uniquecounter 2019/12/15 v1.4 Provide unlimited unique counter (HO)
)
Package uniquecounter Info: New unique counter `rerunfilecheck' on input line 285.
)
\Hy@SectionHShift=\skip53
) (C:\Users\Lenovo\AppData\Local\Programs\MiKTeX\tex/latex/base\inputenc.sty
Package: inputenc 2021/02/14 v1.3d Input encoding file
\inpenc@prehook=\toks23
\inpenc@posthook=\toks24
) (C:\Users\Lenovo\AppData\Local\Programs\MiKTeX\tex/latex/caption\subcaption.sty
Package: subcaption 2023/07/28 v1.6b Sub-captions (AR)
 (C:\Users\Lenovo\AppData\Local\Programs\MiKTeX\tex/latex/caption\caption.sty
Package: caption 2023/08/05 v3.6o Customizing captions (AR)
 (C:\Users\Lenovo\AppData\Local\Programs\MiKTeX\tex/latex/caption\caption3.sty
Package: caption3 2023/07/31 v2.4d caption3 kernel (AR)
\caption@tempdima=\dimen156
\captionmargin=\dimen157
\caption@leftmargin=\dimen158
\caption@rightmargin=\dimen159
\caption@width=\dimen160
\caption@indent=\dimen161
\caption@parindent=\dimen162
\caption@hangindent=\dimen163
Package caption Info: Standard document class detected.
)
\c@caption@flags=\count286
\c@continuedfloat=\count287
Package caption Info: hyperref package is loaded.
)
Package caption Info: New subtype `subfigure' on input line 238.
\c@subfigure=\count288
Package caption Info: New subtype `subtable' on input line 238.
\c@subtable=\count289
) (C:\Users\Lenovo\AppData\Local\Programs\MiKTeX\tex/latex/geometry\geometry.sty
Package: geometry 2020/01/02 v5.9 Page Geometry
 (C:\Users\Lenovo\AppData\Local\Programs\MiKTeX\tex/generic/iftex\ifvtex.sty
Package: ifvtex 2019/10/25 v1.7 ifvtex legacy package. Use iftex instead.
)
\Gm@cnth=\count290
\Gm@cntv=\count291
\c@Gm@tempcnt=\count292
\Gm@bindingoffset=\dimen164
\Gm@wd@mp=\dimen165
\Gm@odd@mp=\dimen166
\Gm@even@mp=\dimen167
\Gm@layoutwidth=\dimen168
\Gm@layoutheight=\dimen169
\Gm@layouthoffset=\dimen170
\Gm@layoutvoffset=\dimen171
\Gm@dimlist=\toks25
 (C:\Users\Lenovo\AppData\Local\Programs\MiKTeX\tex/latex/geometry\geometry.cfg)) (C:\Users\Lenovo\AppData\Local\Programs\MiKTeX\tex/latex/multirow\multirow.sty
Package: multirow 2021/03/15 v2.8 Span multiple rows of a table
\multirow@colwidth=\skip54
\multirow@cntb=\count293
\multirow@dima=\skip55
\bigstrutjot=\dimen172
) (C:\Users\Lenovo\AppData\Local\Programs\MiKTeX\tex/latex/siunitx\siunitx.sty
Package: siunitx 2024-05-06 v3.3.17 A comprehensive (SI) units package
\l__siunitx_number_uncert_offset_int=\count294
\l__siunitx_number_exponent_fixed_int=\count295
\l__siunitx_number_min_decimal_int=\count296
\l__siunitx_number_min_integer_int=\count297
\l__siunitx_number_round_precision_int=\count298
\l__siunitx_number_lower_threshold_int=\count299
\l__siunitx_number_upper_threshold_int=\count300
\l__siunitx_number_group_first_int=\count301
\l__siunitx_number_group_size_int=\count302
\l__siunitx_number_group_minimum_int=\count303
\l__siunitx_angle_tmp_dim=\dimen173
\l__siunitx_angle_marker_box=\box53
\l__siunitx_angle_unit_box=\box54
\l__siunitx_compound_count_int=\count304
 (C:\Users\Lenovo\AppData\Local\Programs\MiKTeX\tex/latex/translations\translations.sty
Package: translations 2022/02/05 v1.12 internationalization of LaTeX2e packages (CN)
)
\l__siunitx_table_tmp_box=\box55
\l__siunitx_table_tmp_dim=\dimen174
\l__siunitx_table_column_width_dim=\dimen175
\l__siunitx_table_integer_box=\box56
\l__siunitx_table_decimal_box=\box57
\l__siunitx_table_uncert_box=\box58
\l__siunitx_table_before_box=\box59
\l__siunitx_table_after_box=\box60
\l__siunitx_table_before_dim=\dimen176
\l__siunitx_table_carry_dim=\dimen177
\l__siunitx_unit_tmp_int=\count305
\l__siunitx_unit_position_int=\count306
\l__siunitx_unit_total_int=\count307
 (C:\Users\Lenovo\AppData\Local\Programs\MiKTeX\tex/latex/tools\array.sty
Package: array 2023/10/16 v2.5g Tabular extension package (FMi)
\col@sep=\dimen178
\ar@mcellbox=\box61
\extrarowheight=\dimen179
\NC@list=\toks26
\extratabsurround=\skip56
\backup@length=\skip57
\ar@cellbox=\box62
)) (C:\Users\Lenovo\AppData\Local\Programs\MiKTeX\tex/latex/natbib\natbib.sty
Package: natbib 2010/09/13 8.31b (PWD, AO)
\bibhang=\skip58
\bibsep=\skip59
LaTeX Info: Redefining \cite on input line 694.
\c@NAT@ctr=\count308
) (C:\Users\Lenovo\AppData\Local\Programs\MiKTeX\tex/generic/babel\babel.sty
Package: babel 2024/02/07 v24.2 The Babel package
\babel@savecnt=\count309
\U@D=\dimen180
\l@unhyphenated=\language79
 (C:\Users\Lenovo\AppData\Local\Programs\MiKTeX\tex/generic/babel\txtbabel.def)
\bbl@readstream=\read2
\bbl@dirlevel=\count310

*************************************
* Local config file bblopts.cfg used
*
(C:\Users\Lenovo\AppData\Local\Programs\MiKTeX\tex/latex/arabi\bblopts.cfg
File: bblopts.cfg 2005/09/08 v0.1 add Arabic and Farsi to "declared" options of babel
) (C:\Users\Lenovo\AppData\Local\Programs\MiKTeX\tex/latex/babel-english\english.ldf
Language: english 2017/06/06 v3.3r English support from the babel system
Package babel Info: Hyphen rules for 'canadian' set to \l@english
(babel)             (\language0). Reported on input line 102.
Package babel Info: Hyphen rules for 'australian' set to \l@ukenglish
(babel)             (\language73). Reported on input line 105.
Package babel Info: Hyphen rules for 'newzealand' set to \l@ukenglish
(babel)             (\language73). Reported on input line 108.
)) (C:\Users\Lenovo\AppData\Local\Programs\MiKTeX\tex/generic/babel/locale/en\babel-english.tex
Package babel Info: Importing font and identification data for english
(babel)             from babel-en.ini. Reported on input line 11.
) (C:\Users\Lenovo\AppData\Local\Programs\MiKTeX\tex/latex/tocbibind\tocbibind.sty
Package: tocbibind 2010/10/13 v1.5k extra ToC listings
Package tocbibind Info: The document has section divisions on input line 50.


Package tocbibind Note: Using section or other style headings.

) (C:\Users\Lenovo\AppData\Local\Programs\MiKTeX\tex/latex/parskip\parskip.sty
Package: parskip 2021-03-14 v2.0h non-zero parskip adjustments
) (C:\Users\Lenovo\AppData\Local\Programs\MiKTeX\tex/latex/appendix\appendix.sty
Package: appendix 2020/02/08 v1.2c extra appendix facilities
\c@@pps=\count311
\c@@ppsavesec=\count312
\c@@ppsaveapp=\count313
) (C:\Users\Lenovo\AppData\Local\Programs\MiKTeX\tex/latex/tools\tabularx.sty
Package: tabularx 2023/07/08 v2.11c `tabularx' package (DPC)
\TX@col@width=\dimen181
\TX@old@table=\dimen182
\TX@old@col=\dimen183
\TX@target=\dimen184
\TX@delta=\dimen185
\TX@cols=\count314
\TX@ftn=\toks27
) (C:\Users\Lenovo\AppData\Local\Programs\MiKTeX\tex/latex/booktabs\booktabs.sty
Package: booktabs 2020/01/12 v1.61803398 Publication quality tables
\heavyrulewidth=\dimen186
\lightrulewidth=\dimen187
\cmidrulewidth=\dimen188
\belowrulesep=\dimen189
\belowbottomsep=\dimen190
\aboverulesep=\dimen191
\abovetopsep=\dimen192
\cmidrulesep=\dimen193
\cmidrulekern=\dimen194
\defaultaddspace=\dimen195
\@cmidla=\count315
\@cmidlb=\count316
\@aboverulesep=\dimen196
\@belowrulesep=\dimen197
\@thisruleclass=\count317
\@lastruleclass=\count318
\@thisrulewidth=\dimen198
) (C:\Users\Lenovo\AppData\Local\Programs\MiKTeX\tex/latex/graphics\color.sty
Package: color 2022/01/06 v1.3d Standard LaTeX Color (DPC)
 (C:\Users\Lenovo\AppData\Local\Programs\MiKTeX\tex/latex/graphics-cfg\color.cfg
File: color.cfg 2016/01/02 v1.6 sample color configuration
)
Package color Info: Driver file: pdftex.def on input line 149.
 (C:\Users\Lenovo\AppData\Local\Programs\MiKTeX\tex/latex/graphics\mathcolor.ltx)) (C:\Users\Lenovo\AppData\Local\Programs\MiKTeX\tex/latex/l3backend\l3backend-pdftex.def
File: l3backend-pdftex.def 2024-02-20 L3 backend support: PDF output (pdfTeX)
\l__color_backend_stack_int=\count319
\l__pdf_internal_box=\box63
) (xrd.aux

LaTeX Warning: Label `fig:enter-label' multiply defined.


LaTeX Warning: Label `fig:enter-label' multiply defined.


LaTeX Warning: Label `eq:error1' multiply defined.


LaTeX Warning: Label `fig:subfig1' multiply defined.


LaTeX Warning: Label `sub@fig:subfig1' multiply defined.


LaTeX Warning: Label `fig:subfig2' multiply defined.


LaTeX Warning: Label `sub@fig:subfig2' multiply defined.


LaTeX Warning: Label `fig:subfig3' multiply defined.


LaTeX Warning: Label `sub@fig:subfig3' multiply defined.


LaTeX Warning: Label `fig:subfig4' multiply defined.


LaTeX Warning: Label `sub@fig:subfig4' multiply defined.


LaTeX Warning: Label `fig:grouped' multiply defined.

)
\openout1 = `xrd.aux'.

LaTeX Font Info:    Checking defaults for OML/cmm/m/it on input line 46.
LaTeX Font Info:    ... okay on input line 46.
LaTeX Font Info:    Checking defaults for OMS/cmsy/m/n on input line 46.
LaTeX Font Info:    ... okay on input line 46.
LaTeX Font Info:    Checking defaults for OT1/cmr/m/n on input line 46.
LaTeX Font Info:    ... okay on input line 46.
LaTeX Font Info:    Checking defaults for T1/cmr/m/n on input line 46.
LaTeX Font Info:    ... okay on input line 46.
LaTeX Font Info:    Checking defaults for TS1/cmr/m/n on input line 46.
LaTeX Font Info:    ... okay on input line 46.
LaTeX Font Info:    Checking defaults for OMX/cmex/m/n on input line 46.
LaTeX Font Info:    ... okay on input line 46.
LaTeX Font Info:    Checking defaults for U/cmr/m/n on input line 46.
LaTeX Font Info:    ... okay on input line 46.
LaTeX Font Info:    Checking defaults for PD1/pdf/m/n on input line 46.
LaTeX Font Info:    ... okay on input line 46.
LaTeX Font Info:    Checking defaults for PU/pdf/m/n on input line 46.
LaTeX Font Info:    ... okay on input line 46.
 (C:\Users\Lenovo\AppData\Local\Programs\MiKTeX\tex/context/base/mkii\supp-pdf.mkii
[Loading MPS to PDF converter (version 2006.09.02).]
\scratchcounter=\count320
\scratchdimen=\dimen199
\scratchbox=\box64
\nofMPsegments=\count321
\nofMParguments=\count322
\everyMPshowfont=\toks28
\MPscratchCnt=\count323
\MPscratchDim=\dimen256
\MPnumerator=\count324
\makeMPintoPDFobject=\count325
\everyMPtoPDFconversion=\toks29
) (C:\Users\Lenovo\AppData\Local\Programs\MiKTeX\tex/latex/epstopdf-pkg\epstopdf-base.sty
Package: epstopdf-base 2020-01-24 v2.11 Base part for package epstopdf
Package epstopdf-base Info: Redefining graphics rule for `.eps' on input line 485.
 (C:\Users\Lenovo\AppData\Local\Programs\MiKTeX\tex/latex/00miktex\epstopdf-sys.cfg
File: epstopdf-sys.cfg 2021/03/18 v2.0 Configuration of epstopdf for MiKTeX
))
Package hyperref Info: Link coloring OFF on input line 46.
 (xrd.out) (xrd.out)
\@outlinefile=\write3
\openout3 = `xrd.out'.

Package caption Info: Begin \AtBeginDocument code.
Package caption Info: End \AtBeginDocument code.

*geometry* driver: auto-detecting
*geometry* detected driver: pdftex
*geometry* verbose mode - [ preamble ] result:
* driver: pdftex
* paper: legalpaper
* layout: <same size as paper>
* layoutoffset:(h,v)=(0.0pt,0.0pt)
* modes: 
* h-part:(L,W,R)=(72.26999pt, 469.75502pt, 72.26999pt)
* v-part:(T,H,B)=(72.26999pt, 867.24002pt, 72.26999pt)
* \paperwidth=614.295pt
* \paperheight=1011.78pt
* \textwidth=469.75502pt
* \textheight=867.24002pt
* \oddsidemargin=0.0pt
* \evensidemargin=0.0pt
* \topmargin=-37.0pt
* \headheight=12.0pt
* \headsep=25.0pt
* \topskip=10.0pt
* \footskip=30.0pt
* \marginparwidth=65.0pt
* \marginparsep=11.0pt
* \columnsep=10.0pt
* \skip\footins=9.0pt plus 4.0pt minus 2.0pt
* \hoffset=0.0pt
* \voffset=0.0pt
* \mag=1000
* \@twocolumnfalse
* \@twosidefalse
* \@mparswitchfalse
* \@reversemarginfalse
* (1in=72.27pt=25.4mm, 1cm=28.453pt)

(C:\Users\Lenovo\AppData\Local\Programs\MiKTeX\tex/latex/translations/dicts\translations-basic-dictionary-english.trsl
File: translations-basic-dictionary-english.trsl (english translation file `translations-basic-dictionary')
)
Package translations Info: loading dictionary `translations-basic-dictionary' for `english'. on input line 46.
 [1

{C:/Users/Lenovo/AppData/Local/MiKTeX/fonts/map/pdftex/pdftex.map}] (xrd.toc)
\tf@toc=\write4
\openout4 = `xrd.toc'.

 [1]
<Figures/fig1.png, id=147, 467.94826pt x 398.6895pt>
File: Figures/fig1.png Graphic file (type png)
<use Figures/fig1.png>
Package pdftex.def Info: Figures/fig1.png  used on input line 96.
(pdftex.def)             Requested size: 375.80544pt x 320.18698pt.

pdfTeX warning (ext4): destination with the same identifier (name{page.1}) has been already used, duplicate ignored
<to be read again> 
                   \relax 
l.102 \pagebreak{
                 } [1 <./Figures/fig1.png>]
<Figures/Screenshot 2024-06-02 204357.png, id=162, 459.51675pt x 409.53pt>
File: Figures/Screenshot 2024-06-02 204357.png Graphic file (type png)
<use Figures/Screenshot 2024-06-02 204357.png>
Package pdftex.def Info: Figures/Screenshot 2024-06-02 204357.png  used on input line 109.
(pdftex.def)             Requested size: 234.8775pt x 209.3262pt.
<Figures/image2.png, id=164, 523.9575pt x 533.995pt>
File: Figures/image2.png Graphic file (type png)
<use Figures/image2.png>
Package pdftex.def Info: Figures/image2.png  used on input line 118.
(pdftex.def)             Requested size: 234.8775pt x 239.37479pt.
 [2 <./Figures/Screenshot 2024-06-02 204357.png> <./Figures/image2.png>]
<Figures/image1.png, id=177, 596.2275pt x 563.10374pt>
File: Figures/image1.png Graphic file (type png)
<use Figures/image1.png>
Package pdftex.def Info: Figures/image1.png  used on input line 146.
(pdftex.def)             Requested size: 234.8775pt x 221.82637pt.

Underfull \hbox (badness 10000) in paragraph at lines 151--154

 []

[3 <./Figures/image1.png>]
<Figures/image.png, id=190, 765.86125pt x 536.0025pt>
File: Figures/image.png Graphic file (type png)
<use Figures/image.png>
Package pdftex.def Info: Figures/image.png  used on input line 168.
(pdftex.def)             Requested size: 234.8775pt x 164.37608pt.
 [4 <./Figures/image.png>] [5]
<Figures/Bragg_diffraction_2.svg.png, id=213, 1284.8pt x 827.09pt>
File: Figures/Bragg_diffraction_2.svg.png Graphic file (type png)
<use Figures/Bragg_diffraction_2.svg.png>
Package pdftex.def Info: Figures/Bragg_diffraction_2.svg.png  used on input line 228.
(pdftex.def)             Requested size: 234.8775pt x 151.19191pt.
 [6 <./Figures/Bragg_diffraction_2.svg.png>]
<Figures/UnitCells.png, id=227, 816.04875pt x 890.32625pt>
File: Figures/UnitCells.png Graphic file (type png)
<use Figures/UnitCells.png>
Package pdftex.def Info: Figures/UnitCells.png  used on input line 243.
(pdftex.def)             Requested size: 234.8775pt x 256.2589pt.
 [7 <./Figures/UnitCells.png>]
<Figures/Heteroepitaxy.jpg, id=251, 266.05592pt x 239.83408pt>
File: Figures/Heteroepitaxy.jpg Graphic file (type jpg)
<use Figures/Heteroepitaxy.jpg>
Package pdftex.def Info: Figures/Heteroepitaxy.jpg  used on input line 318.
(pdftex.def)             Requested size: 234.8775pt x 211.73164pt.
<Figures/dislocation.png, id=254, 457.71pt x 283.0575pt>
File: Figures/dislocation.png Graphic file (type png)
<use Figures/dislocation.png>
Package pdftex.def Info: Figures/dislocation.png  used on input line 328.
(pdftex.def)             Requested size: 187.89914pt x 116.20116pt.
 [8 <./Figures/Heteroepitaxy.jpg> <./Figures/dislocation.png>]
<Figures/Diffractometer.jpg, id=269, 499.8675pt x 315.42844pt>
File: Figures/Diffractometer.jpg Graphic file (type jpg)
<use Figures/Diffractometer.jpg>
Package pdftex.def Info: Figures/Diffractometer.jpg  used on input line 345.
(pdftex.def)             Requested size: 234.8775pt x 148.21288pt.
<Figures/sintheta.png, id=270, 280.79906pt x 271.0125pt>
File: Figures/sintheta.png Graphic file (type png)
<use Figures/sintheta.png>
Package pdftex.def Info: Figures/sintheta.png  used on input line 355.
(pdftex.def)             Requested size: 140.92793pt x 136.01454pt.
 [9 <./Figures/Diffractometer.jpg> <./Figures/sintheta.png>]
<Figures/peakshift.png, id=289, 469.00218pt x 319.1925pt>
File: Figures/peakshift.png Graphic file (type png)
<use Figures/peakshift.png>
Package pdftex.def Info: Figures/peakshift.png  used on input line 392.
(pdftex.def)             Requested size: 187.89914pt x 127.87929pt.
 [10 <./Figures/peakshift.png>]
<Figures/SiPeaks.png, id=302, 1445.4pt x 722.7pt>
File: Figures/SiPeaks.png Graphic file (type png)
<use Figures/SiPeaks.png>
Package pdftex.def Info: Figures/SiPeaks.png  used on input line 442.
(pdftex.def)             Requested size: 328.82707pt x 164.40898pt.
<Figures/ZnOPeaks.png, id=303, 1445.4pt x 722.7pt>
File: Figures/ZnOPeaks.png Graphic file (type png)
<use Figures/ZnOPeaks.png>
Package pdftex.def Info: Figures/ZnOPeaks.png  used on input line 449.
(pdftex.def)             Requested size: 328.82707pt x 164.40898pt.
 [11 <./Figures/SiPeaks.png> <./Figures/ZnOPeaks.png>]
<Figures/SiUnitCell.png, id=315, 351.3125pt x 320.19624pt>
File: Figures/SiUnitCell.png Graphic file (type png)
<use Figures/SiUnitCell.png>
Package pdftex.def Info: Figures/SiUnitCell.png  used on input line 473.
(pdftex.def)             Requested size: 147.9744pt x 134.87236pt.
<Figures/ZnOUnitCell.png, id=318, 853.1875pt x 324.21124pt>
File: Figures/ZnOUnitCell.png Graphic file (type png)
<use Figures/ZnOUnitCell.png>
Package pdftex.def Info: Figures/ZnOUnitCell.png  used on input line 480.
(pdftex.def)             Requested size: 281.85587pt x 107.10876pt.
 [12 <./Figures/SiUnitCell.png> <./Figures/ZnOUnitCell.png>]
<Figures/SiCos.png, id=342, 462.528pt x 346.896pt>
File: Figures/SiCos.png Graphic file (type png)
<use Figures/SiCos.png>
Package pdftex.def Info: Figures/SiCos.png  used on input line 524.
(pdftex.def)             Requested size: 140.92793pt x 105.69461pt.
<Figures/SiCot.png, id=343, 462.528pt x 346.896pt>
File: Figures/SiCot.png Graphic file (type png)
<use Figures/SiCot.png>
Package pdftex.def Info: Figures/SiCot.png  used on input line 531.
(pdftex.def)             Requested size: 140.92793pt x 105.69461pt.
<Figures/SiNelson.png, id=344, 462.528pt x 346.896pt>
File: Figures/SiNelson.png Graphic file (type png)
<use Figures/SiNelson.png>
Package pdftex.def Info: Figures/SiNelson.png  used on input line 538.
(pdftex.def)             Requested size: 140.92793pt x 105.69461pt.
<Figures/ZnOCosA.png, id=345, 462.528pt x 346.896pt>
File: Figures/ZnOCosA.png Graphic file (type png)
<use Figures/ZnOCosA.png>
Package pdftex.def Info: Figures/ZnOCosA.png  used on input line 556.
(pdftex.def)             Requested size: 140.92793pt x 105.69461pt.
<Figures/ZnOCotA.png, id=346, 462.528pt x 346.896pt>
File: Figures/ZnOCotA.png Graphic file (type png)
<use Figures/ZnOCotA.png>
Package pdftex.def Info: Figures/ZnOCotA.png  used on input line 563.
(pdftex.def)             Requested size: 140.92793pt x 105.69461pt.
<Figures/ZnONelsonA.png, id=347, 462.528pt x 346.896pt>
File: Figures/ZnONelsonA.png Graphic file (type png)
<use Figures/ZnONelsonA.png>
Package pdftex.def Info: Figures/ZnONelsonA.png  used on input line 570.
(pdftex.def)             Requested size: 140.92793pt x 105.69461pt.
<Figures/ZnOCosC.png, id=348, 462.528pt x 346.896pt>
File: Figures/ZnOCosC.png Graphic file (type png)
<use Figures/ZnOCosC.png>
Package pdftex.def Info: Figures/ZnOCosC.png  used on input line 576.
(pdftex.def)             Requested size: 140.92793pt x 105.69461pt.
<Figures/ZnOCotC.png, id=349, 462.528pt x 346.896pt>
File: Figures/ZnOCotC.png Graphic file (type png)
<use Figures/ZnOCotC.png>
Package pdftex.def Info: Figures/ZnOCotC.png  used on input line 583.
(pdftex.def)             Requested size: 140.92793pt x 105.69461pt.
<Figures/ZnONelsonC.png, id=350, 462.528pt x 346.896pt>
File: Figures/ZnONelsonC.png Graphic file (type png)
<use Figures/ZnONelsonC.png>
Package pdftex.def Info: Figures/ZnONelsonC.png  used on input line 590.
(pdftex.def)             Requested size: 140.92793pt x 105.69461pt.
 [13 <./Figures/SiCos.png> <./Figures/SiCot.png> <./Figures/SiNelson.png> <./Figures/ZnOCosA.png> <./Figures/ZnOCotA.png> <./Figures/ZnONelsonA.png> <./Figures/ZnOCosC.png> <./Figures/ZnOCotC.png> <./Figures/ZnONelsonC.png>]
<Figures/a-plane-sapphire-peaks.jpg, id=368, 780.2751pt x 355.8093pt>
File: Figures/a-plane-sapphire-peaks.jpg Graphic file (type jpg)
<use Figures/a-plane-sapphire-peaks.jpg>
Package pdftex.def Info: Figures/a-plane-sapphire-peaks.jpg  used on input line 621.
(pdftex.def)             Requested size: 211.38832pt x 96.3901pt.
<Figures/a-plane-ZnO-peaks.jpg, id=369, 776.6616pt x 357.9774pt>
File: Figures/a-plane-ZnO-peaks.jpg Graphic file (type jpg)
<use Figures/a-plane-ZnO-peaks.jpg>
Package pdftex.def Info: Figures/a-plane-ZnO-peaks.jpg  used on input line 628.
(pdftex.def)             Requested size: 211.38832pt x 97.43083pt.
<Figures/r-plane-sapphire-peaks.jpg, id=370, 774.4935pt x 352.9185pt>
File: Figures/r-plane-sapphire-peaks.jpg Graphic file (type jpg)
<use Figures/r-plane-sapphire-peaks.jpg>
Package pdftex.def Info: Figures/r-plane-sapphire-peaks.jpg  used on input line 637.
(pdftex.def)             Requested size: 211.38832pt x 96.3232pt.
<Figures/r-plane-ZnO-peaks.jpg, id=371, 776.6616pt x 353.6412pt>
File: Figures/r-plane-ZnO-peaks.jpg Graphic file (type jpg)
<use Figures/r-plane-ZnO-peaks.jpg>
Package pdftex.def Info: Figures/r-plane-ZnO-peaks.jpg  used on input line 644.
(pdftex.def)             Requested size: 211.38832pt x 96.25064pt.
 [14 <./Figures/a-plane-sapphire-peaks.jpg> <./Figures/a-plane-ZnO-peaks.jpg> <./Figures/r-plane-sapphire-peaks.jpg> <./Figures/r-plane-ZnO-peaks.jpg>]
<Figures/w-scan-a-plane-sapphire-peaks.jpg, id=378, 787.0203pt x 364.9635pt>
File: Figures/w-scan-a-plane-sapphire-peaks.jpg Graphic file (type jpg)
<use Figures/w-scan-a-plane-sapphire-peaks.jpg>
Package pdftex.def Info: Figures/w-scan-a-plane-sapphire-peaks.jpg  used on input line 665.
(pdftex.def)             Requested size: 211.38832pt x 98.02354pt.
<Figures/w-scan-ZnO-on-a-plane-sapphire-peaks.jpg, id=379, 784.1295pt x 364.2408pt>
File: Figures/w-scan-ZnO-on-a-plane-sapphire-peaks.jpg Graphic file (type jpg)
<use Figures/w-scan-ZnO-on-a-plane-sapphire-peaks.jpg>
Package pdftex.def Info: Figures/w-scan-ZnO-on-a-plane-sapphire-peaks.jpg  used on input line 672.
(pdftex.def)             Requested size: 211.38832pt x 98.1907pt.
<Figures/w-scan-r-plane-sapphire-peaks.jpg, id=380, 787.0203pt x 363.5181pt>
File: Figures/w-scan-r-plane-sapphire-peaks.jpg Graphic file (type jpg)
<use Figures/w-scan-r-plane-sapphire-peaks.jpg>
Package pdftex.def Info: Figures/w-scan-r-plane-sapphire-peaks.jpg  used on input line 681.
(pdftex.def)             Requested size: 211.38832pt x 97.63533pt.
<Figures/w-scan-ZnO-on-r-plane-sapphire-peaks.jpg, id=381, 785.0931pt x 363.2772pt>
File: Figures/w-scan-ZnO-on-r-plane-sapphire-peaks.jpg Graphic file (type jpg)
<use Figures/w-scan-ZnO-on-r-plane-sapphire-peaks.jpg>
Package pdftex.def Info: Figures/w-scan-ZnO-on-r-plane-sapphire-peaks.jpg  used on input line 688.
(pdftex.def)             Requested size: 211.38832pt x 97.81453pt.
 [15 <./Figures/w-scan-a-plane-sapphire-peaks.jpg> <./Figures/w-scan-ZnO-on-a-plane-sapphire-peaks.jpg> <./Figures/w-scan-r-plane-sapphire-peaks.jpg> <./Figures/w-scan-ZnO-on-r-plane-sapphire-peaks.jpg>]
<Figures/UnknownPowderPeaks.png, id=389, 1084.05pt x 722.7pt>
File: Figures/UnknownPowderPeaks.png Graphic file (type png)
<use Figures/UnknownPowderPeaks.png>
Package pdftex.def Info: Figures/UnknownPowderPeaks.png  used on input line 742.
(pdftex.def)             Requested size: 469.75502pt x 313.16995pt.
<Figures/UnknownPowder.PNG, id=391, 427.5975pt x 78.2925pt>
File: Figures/UnknownPowder.PNG Graphic file (type png)
<use Figures/UnknownPowder.PNG>
Package pdftex.def Info: Figures/UnknownPowder.PNG  used on input line 755.
(pdftex.def)             Requested size: 469.75502pt x 86.0109pt.
 [16 <./Figures/UnknownPowderPeaks.png> <./Figures/UnknownPowder.PNG>]
<Figures/CuF2.jpg, id=401, 2019.545pt x 1943.26pt>
File: Figures/CuF2.jpg Graphic file (type jpg)
<use Figures/CuF2.jpg>
Package pdftex.def Info: Figures/CuF2.jpg  used on input line 770.
(pdftex.def)             Requested size: 211.38832pt x 203.38115pt.
<Figures/CuCl.jpg, id=404, 2469.225pt x 2288.55pt>
File: Figures/CuCl.jpg Graphic file (type jpg)
<use Figures/CuCl.jpg>
Package pdftex.def Info: Figures/CuCl.jpg  used on input line 777.
(pdftex.def)             Requested size: 211.38832pt x 195.90353pt.
<Figures/CaF2.jpg, id=407, 533.995pt x 475.7775pt>
File: Figures/CaF2.jpg Graphic file (type jpg)
<use Figures/CaF2.jpg>
Package pdftex.def Info: Figures/CaF2.jpg  used on input line 784.
(pdftex.def)             Requested size: 211.38832pt x 188.34023pt.
 [17 <./Figures/CuF2.jpg> <./Figures/CuCl.jpg> <./Figures/CaF2.jpg>] [18]

Package hyperref Warning: Token not allowed in a PDF string (Unicode):
(hyperref)                removing `\begingroup' on input line 813.


Package hyperref Warning: Token not allowed in a PDF string (Unicode):
(hyperref)                removing `\<let>-command' on input line 813.


Package hyperref Warning: Token not allowed in a PDF string (Unicode):
(hyperref)                removing `\NAT@ctype' on input line 813.


Package hyperref Warning: Token not allowed in a PDF string (Unicode):
(hyperref)                removing `\z@' on input line 813.


Package hyperref Warning: Token not allowed in a PDF string (Unicode):
(hyperref)                removing `\let' on input line 813.


Package hyperref Warning: Token not allowed in a PDF string (Unicode):
(hyperref)                removing `\let' on input line 813.


Package hyperref Warning: Token not allowed in a PDF string (Unicode):
(hyperref)                removing `\new@ifnextchar' on input line 813.


Package hyperref Warning: Token not allowed in a PDF string (Unicode):
(hyperref)                removing `subscript' on input line 813.


Package hyperref Warning: Token not allowed in a PDF string (Unicode):
(hyperref)                removing `subscript' on input line 813.

[19]
<Figures/CuF2Peaks.png, id=431, 395.22656pt x 289.83281pt>
File: Figures/CuF2Peaks.png Graphic file (type png)
<use Figures/CuF2Peaks.png>
Package pdftex.def Info: Figures/CuF2Peaks.png  used on input line 888.
(pdftex.def)             Requested size: 211.38832pt x 155.017pt.
<Figures/NantokitePeaks.png, id=432, 395.22656pt x 289.83281pt>
File: Figures/NantokitePeaks.png Graphic file (type png)
<use Figures/NantokitePeaks.png>
Package pdftex.def Info: Figures/NantokitePeaks.png  used on input line 895.
(pdftex.def)             Requested size: 211.38832pt x 155.017pt.
<Figures/CaF2Peaks.png, id=433, 395.22656pt x 289.83281pt>
File: Figures/CaF2Peaks.png Graphic file (type png)
<use Figures/CaF2Peaks.png>
Package pdftex.def Info: Figures/CaF2Peaks.png  used on input line 901.
(pdftex.def)             Requested size: 211.38832pt x 155.017pt.
 [20 <./Figures/CuF2Peaks.png> <./Figures/NantokitePeaks.png> <./Figures/CaF2Peaks.png>] (xrd.bbl) [21] (xrd.aux)
 ***********
LaTeX2e <2023-11-01> patch level 1
L3 programming layer <2024-02-20>
 ***********


LaTeX Warning: There were multiply-defined labels.

Package rerunfilecheck Info: File `xrd.out' has not changed.
(rerunfilecheck)             Checksum: ABE370C1C0E82DB9DE0E75FBD444126B;4585.
 ) 
Here is how much of TeX's memory you used:
 17193 strings out of 474457
 341591 string characters out of 5742283
 1947190 words of memory out of 5000000
 39209 multiletter control sequences out of 15000+600000
 564545 words of font info for 58 fonts, out of 8000000 for 9000
 1141 hyphenation exceptions out of 8191
 75i,18n,79p,1583b,1051s stack positions out of 10000i,1000n,20000p,200000b,200000s
 <C:\Users\Lenovo\AppData\Local\MiKTeX\fonts/pk/ljfour/jknappen/ec/dpi600\tcrm1000.pk> <C:\Users\Lenovo\AppData\Local\MiKTeX\fonts/pk/ljfour/jknappen/ec/dpi600\tcbx1000.pk><C:/Users/Lenovo/AppData/Local/Programs/MiKTeX/fonts/type1/public/amsfonts/cm/cmbx10.pfb><C:/Users/Lenovo/AppData/Local/Programs/MiKTeX/fonts/type1/public/amsfonts/cm/cmbx12.pfb><C:/Users/Lenovo/AppData/Local/Programs/MiKTeX/fonts/type1/public/amsfonts/cm/cmcsc10.pfb><C:/Users/Lenovo/AppData/Local/Programs/MiKTeX/fonts/type1/public/amsfonts/cm/cmex10.pfb><C:/Users/Lenovo/AppData/Local/Programs/MiKTeX/fonts/type1/public/amsfonts/cm/cmmi10.pfb><C:/Users/Lenovo/AppData/Local/Programs/MiKTeX/fonts/type1/public/amsfonts/cm/cmmi5.pfb><C:/Users/Lenovo/AppData/Local/Programs/MiKTeX/fonts/type1/public/amsfonts/cm/cmmi7.pfb><C:/Users/Lenovo/AppData/Local/Programs/MiKTeX/fonts/type1/public/amsfonts/cm/cmmi9.pfb><C:/Users/Lenovo/AppData/Local/Programs/MiKTeX/fonts/type1/public/amsfonts/cm/cmr10.pfb><C:/Users/Lenovo/AppData/Local/Programs/MiKTeX/fonts/type1/public/amsfonts/cm/cmr12.pfb><C:/Users/Lenovo/AppData/Local/Programs/MiKTeX/fonts/type1/public/amsfonts/cm/cmr5.pfb><C:/Users/Lenovo/AppData/Local/Programs/MiKTeX/fonts/type1/public/amsfonts/cm/cmr7.pfb><C:/Users/Lenovo/AppData/Local/Programs/MiKTeX/fonts/type1/public/amsfonts/cm/cmr9.pfb><C:/Users/Lenovo/AppData/Local/Programs/MiKTeX/fonts/type1/public/amsfonts/cm/cmsy10.pfb><C:/Users/Lenovo/AppData/Local/Programs/MiKTeX/fonts/type1/public/amsfonts/cm/cmsy5.pfb><C:/Users/Lenovo/AppData/Local/Programs/MiKTeX/fonts/type1/public/amsfonts/cm/cmsy7.pfb><C:/Users/Lenovo/AppData/Local/Programs/MiKTeX/fonts/type1/public/amsfonts/cm/cmsy9.pfb><C:/Users/Lenovo/AppData/Local/Programs/MiKTeX/fonts/type1/public/amsfonts/cm/cmti10.pfb>
Output written on xrd.pdf (23 pages, 8431910 bytes).
PDF statistics:
 552 PDF objects out of 1000 (max. 8388607)
 116 named destinations out of 1000 (max. 500000)
 406 words of extra memory for PDF output out of 10000 (max. 10000000)

