\BOOKMARK [1][-]{section.1}{\376\377\000I\000n\000t\000r\000o\000d\000u\000c\000t\000i\000o\000n}{}% 1
\BOOKMARK [2][-]{subsection.1.1}{\376\377\000N\000a\000t\000u\000r\000a\000l\000\040\000l\000i\000n\000e\000\040\000w\000i\000d\000t\000h}{section.1}% 2
\BOOKMARK [2][-]{subsection.1.2}{\376\377\000D\000o\000p\000p\000l\000e\000r\000\040\000B\000r\000o\000a\000d\000e\000n\000i\000n\000g}{section.1}% 3
\BOOKMARK [2][-]{subsection.1.3}{\376\377\000H\000o\000m\000o\000g\000e\000n\000e\000o\000u\000s\000\040\000a\000n\000d\000\040\000i\000n\000h\000o\000m\000o\000g\000e\000n\000e\000o\000u\000s\000\040\000l\000i\000n\000e\000\040\000b\000r\000o\000a\000d\000e\000n\000i\000n\000g}{section.1}% 4
\BOOKMARK [2][-]{subsection.1.4}{\376\377\000L\000i\000n\000e\000a\000r\000\040\000a\000b\000s\000o\000r\000p\000t\000i\000o\000n\000\040\000s\000p\000e\000c\000t\000r\000o\000s\000c\000o\000p\000y}{section.1}% 5
\BOOKMARK [2][-]{subsection.1.5}{\376\377\000S\000a\000t\000u\000r\000a\000t\000i\000o\000n\000\040\000a\000b\000s\000o\000r\000p\000t\000i\000o\000n\000\040\000s\000p\000e\000c\000t\000r\000o\000s\000c\000o\000p\000y}{section.1}% 6
\BOOKMARK [2][-]{subsection.1.6}{\376\377\000F\000i\000n\000e\000\040\000s\000t\000r\000u\000c\000t\000u\000r\000e\000\040\000o\000f\000\040\000R\000u\000b\000i\000d\000i\000u\000m}{section.1}% 7
\BOOKMARK [2][-]{subsection.1.7}{\376\377\000H\000y\000p\000e\000r\000f\000i\000n\000e\000\040\000s\000t\000r\000u\000c\000t\000u\000r\000e\000\040\000o\000f\000\040\000R\000u\000b\000i\000d\000i\000u\000m}{section.1}% 8
\BOOKMARK [2][-]{subsection.1.8}{\376\377\000S\000e\000m\000i\000c\000o\000n\000d\000u\000c\000t\000o\000r\000\040\000b\000a\000s\000i\000c\000s}{section.1}% 9
\BOOKMARK [2][-]{subsection.1.9}{\376\377\000D\000o\000p\000i\000n\000g}{section.1}% 10
\BOOKMARK [2][-]{subsection.1.10}{\376\377\000T\000h\000e\000\040\000p\000-\000n\000\040\000j\000u\000n\000c\000t\000i\000o\000n}{section.1}% 11
\BOOKMARK [2][-]{subsection.1.11}{\376\377\000E\000f\000f\000e\000c\000t\000\040\000o\000f\000\040\000e\000x\000t\000e\000r\000n\000a\000l\000\040\000v\000o\000l\000t\000a\000g\000e}{section.1}% 12
\BOOKMARK [2][-]{subsection.1.12}{\376\377\000L\000a\000s\000e\000r\000\040\000d\000i\000o\000d\000e}{section.1}% 13
\BOOKMARK [2][-]{subsection.1.13}{\376\377\000F\000a\000b\000r\000y\000\040\000P\000e\000r\000o\000t\000\040\000I\000n\000t\000e\000r\000f\000e\000r\000o\000m\000e\000t\000e\000r}{section.1}% 14
\BOOKMARK [1][-]{section.2}{\376\377\000A\000n\000a\000l\000y\000s\000i\000s}{}% 15
\BOOKMARK [2][-]{subsection.2.1}{\376\377\000T\000a\000s\000k\000\040\0001}{section.2}% 16
\BOOKMARK [3][-]{subsubsection.2.1.1}{\376\377\000S\000c\000a\000l\000i\000n\000g\000\040\000t\000h\000e\000\040\000d\000a\000t\000a}{subsection.2.1}% 17
\BOOKMARK [3][-]{subsubsection.2.1.2}{\376\377\000D\000e\000t\000e\000r\000m\000i\000n\000i\000n\000g\000\040\000t\000h\000e\000\040\000f\000i\000n\000e\000s\000s\000e}{subsection.2.1}% 18
\BOOKMARK [2][-]{subsection.2.2}{\376\377\000T\000a\000s\000k\000\040\0002}{section.2}% 19
\BOOKMARK [2][-]{subsection.2.3}{\376\377\000T\000a\000s\000k\000\040\0003}{section.2}% 20
\BOOKMARK [2][-]{subsection.2.4}{\376\377\000T\000a\000s\000k\000\040\0004}{section.2}% 21
\BOOKMARK [1][-]{section.3}{\376\377\000C\000o\000n\000c\000l\000u\000s\000i\000o\000n}{}% 22
\BOOKMARK [1][-]{section*.23}{\376\377\000A\000p\000p\000e\000n\000d\000i\000c\000e\000s}{}% 23
\BOOKMARK [1][-]{appendix.1.A}{\376\377\000F\000r\000e\000q\000u\000e\000n\000c\000i\000e\000s}{}% 24
\BOOKMARK [1][-]{appendix.1.B}{\376\377\000C\000r\000o\000s\000s\000o\000v\000e\000r\000\040\000F\000r\000e\000q\000u\000e\000n\000c\000i\000e\000s\000\040}{}% 25
\BOOKMARK [1][-]{section*.28}{\376\377\000B\000i\000b\000l\000i\000o\000g\000r\000a\000p\000h\000y}{}% 26
