\BOOKMARK [1][-]{section.1}{\376\377\000I\000n\000t\000r\000o\000d\000u\000c\000t\000i\000o\000n}{}% 1
\BOOKMARK [2][-]{subsection.1.1}{\376\377\000B\000a\000s\000i\000c\000s\000\040\000o\000f\000\040\000N\000u\000c\000l\000e\000a\000r\000\040\000P\000h\000y\000s\000i\000c\000s}{section.1}% 2
\BOOKMARK [2][-]{subsection.1.2}{\376\377\000G\000a\000m\000m\000a\000\040\000r\000a\000d\000i\000a\000t\000i\000o\000n}{section.1}% 3
\BOOKMARK [2][-]{subsection.1.3}{\376\377\000R\000a\000d\000i\000o\000a\000c\000t\000i\000v\000e\000\040\000d\000e\000c\000a\000y}{section.1}% 4
\BOOKMARK [2][-]{subsection.1.4}{\376\377\000D\000e\000c\000a\000y\000\040\000l\000a\000w}{section.1}% 5
\BOOKMARK [2][-]{subsection.1.5}{\376\377\000G\000a\000m\000m\000a\000\040\000r\000a\000y\000s\000\040\000a\000n\000d\000\040\000m\000a\000t\000t\000e\000r}{section.1}% 6
\BOOKMARK [2][-]{subsection.1.6}{\376\377\000P\000h\000o\000t\000o\000e\000l\000e\000c\000t\000r\000i\000c\000\040\000a\000b\000s\000o\000r\000p\000t\000i\000o\000n}{section.1}% 7
\BOOKMARK [2][-]{subsection.1.7}{\376\377\000C\000o\000m\000p\000t\000o\000n\000\040\000s\000c\000a\000t\000t\000e\000r\000i\000n\000g}{section.1}% 8
\BOOKMARK [2][-]{subsection.1.8}{\376\377\000P\000a\000i\000r\000\040\000p\000r\000o\000d\000u\000c\000t\000i\000o\000n}{section.1}% 9
\BOOKMARK [2][-]{subsection.1.9}{\376\377\000E\000x\000p\000e\000r\000i\000m\000e\000n\000t\000a\000l\000\040\000s\000e\000t\000u\000p}{section.1}% 10
\BOOKMARK [3][-]{subsubsection.1.9.1}{\376\377\000s\000t\000r\000u\000c\000t\000u\000r\000e\000\040\000o\000f\000\040\000t\000h\000e\000\040\000d\000e\000t\000e\000c\000t\000o\000r}{subsection.1.9}% 11
\BOOKMARK [3][-]{subsubsection.1.9.2}{\376\377\000C\000a\000l\000i\000b\000r\000a\000t\000i\000o\000n\000\040\000a\000n\000d\000\040\000m\000e\000a\000s\000u\000r\000e\000m\000e\000n\000t}{subsection.1.9}% 12
\BOOKMARK [3][-]{subsubsection.1.9.3}{\376\377\000M\000a\000t\000e\000r\000i\000a\000l\000s\000\040\000u\000s\000e\000d}{subsection.1.9}% 13
\BOOKMARK [3][-]{subsubsection.1.9.4}{\376\377\000R\000a\000d\000i\000a\000t\000i\000o\000n\000\040\000s\000o\000u\000r\000c\000e\000s}{subsection.1.9}% 14
\BOOKMARK [1][-]{section.2}{\376\377\000A\000n\000a\000l\000y\000s\000i\000s}{}% 15
\BOOKMARK [2][-]{subsection.2.1}{\376\377\000T\000a\000s\000k\000\040\0001\000:\000\040\000F\000i\000n\000d\000i\000n\000g\000\040\000O\000p\000t\000i\000m\000a\000l\000\040\000S\000e\000t\000t\000i\000n\000g\000s}{section.2}% 16
\BOOKMARK [2][-]{subsection.2.2}{\376\377\000T\000a\000s\000k\000\040\0002\000:\000\040\000E\000n\000e\000r\000g\000y\000\040\000C\000a\000l\000i\000b\000r\000a\000t\000i\000o\000n\000\040\000\046\000\040\000R\000e\000s\000o\000l\000u\000t\000i\000o\000n}{section.2}% 17
\BOOKMARK [3][-]{subsubsection.2.2.1}{\376\377\000C\000a\000l\000i\000b\000r\000a\000t\000i\000o\000n}{subsection.2.2}% 18
\BOOKMARK [3][-]{subsubsection.2.2.2}{\376\377\000R\000e\000s\000o\000l\000u\000t\000i\000o\000n\000\040\000\046\000\040\000P\000e\000a\000k\000-\000t\000o\000-\000C\000o\000m\000p\000t\000o\000n\000\040\000R\000a\000t\000i\000o}{subsection.2.2}% 19
\BOOKMARK [2][-]{subsection.2.3}{\376\377\000T\000a\000s\000k\000\040\0003\000:\000\040\000B\000a\000c\000k\000g\000r\000o\000u\000n\000d\000\040\000M\000e\000a\000s\000u\000r\000e\000m\000e\000n\000t}{section.2}% 20
\BOOKMARK [2][-]{subsection.2.4}{\376\377\000T\000a\000s\000k\000\040\0004\000:\000\040\000K\000n\000o\000w\000n\000\040\000S\000a\000m\000p\000l\000e\000s}{section.2}% 21
\BOOKMARK [3][-]{subsubsection.2.4.1}{\376\377\000R\000o\000c\000k\000\040\000S\000a\000m\000p\000l\000e\000:\000\040\000R\000o\000n\000n\000e\000b\000\040\0001}{subsection.2.4}% 22
\BOOKMARK [3][-]{subsubsection.2.4.2}{\376\377\000S\000o\000i\000l\000\040\000S\000a\000m\000p\000l\000e\000:\000\040\000Q\000Q\0002\0005\0000\000m}{subsection.2.4}% 23
\BOOKMARK [3][-]{subsubsection.2.4.3}{\376\377\000D\000i\000r\000t\000\040\000S\000a\000m\000p\000l\000e\000:\000\040\000C\000h\000e\000r\000n\000o\000b\000y\000l}{subsection.2.4}% 24
\BOOKMARK [2][-]{subsection.2.5}{\376\377\000T\000a\000s\000k\000\040\0005\000:\000\040\000U\000n\000k\000n\000o\000w\000n\000\040\000S\000a\000m\000p\000l\000e\000s}{section.2}% 25
\BOOKMARK [3][-]{subsubsection.2.5.1}{\376\377\000S\000a\000m\000p\000l\000e\000\040\000V}{subsection.2.5}% 26
\BOOKMARK [3][-]{subsubsection.2.5.2}{\376\377\000S\000a\000m\000p\000l\000e\000\040\000W}{subsection.2.5}% 27
\BOOKMARK [1][-]{section.3}{\376\377\000C\000o\000n\000c\000l\000u\000s\000i\000o\000n}{}% 28
\BOOKMARK [1][-]{section*.27}{\376\377\000A\000p\000p\000e\000n\000d\000i\000c\000e\000s}{}% 29
\BOOKMARK [1][-]{appendix.1.A}{\376\377\000T\000a\000s\000k\000\040\0001\000\040\000F\000i\000t\000s}{}% 30
\BOOKMARK [1][-]{section*.29}{\376\377\000B\000i\000b\000l\000i\000o\000g\000r\000a\000p\000h\000y}{}% 31
